<?xml version="1.0" encoding="UTF-8"?>
<!-- Generated by org.testng.reporters.JUnitReportReporter -->
<testsuite hostname="DESKTOP-TGQVB1P" failures="0" tests="1" name="testscript.ManageOrder" time="9.092" errors="0" timestamp="2024-05-21T12:03:36 IST" skipped="0">
  <testcase classname="testscript.ManageOrder" name="addingNewProduct" time="9.092"/>
  <system-out/>
</testsuite> <!-- testscript.ManageOrder -->
