<?xml version="1.0" encoding="UTF-8"?>
<!-- Generated by org.testng.reporters.JUnitReportReporter -->
<testsuite hostname="DESKTOP-TGQVB1P" failures="0" tests="5" name="testscript.LoginTest" time="54.275" errors="0" timestamp="2024-05-28T15:13:33 IST" skipped="0">
  <testcase classname="testscript.LoginTest" name="verifyUserIsAbleToLoginUsingValidUsernameandInvalidPassword" time="9.283"/>
  <system-out/>
  <testcase classname="testscript.LoginTest" name="initializeMethod" time="15.809"/>
  <system-out/>
  <testcase classname="testscript.LoginTest" name="verifyUserIsAbleToLoginUsingValidCredentials" time="10.751"/>
  <system-out/>
  <testcase classname="testscript.LoginTest" name="verifyUserIsAbleToLoginUsinginValidUsernameandInvalidPassword" time="11.746"/>
  <system-out/>
  <testcase classname="testscript.LoginTest" name="verifyUserIsAbleToLoginUsinginValidUsernameandvalidPassword" time="6.686"/>
  <system-out/>
</testsuite> <!-- testscript.LoginTest -->
