<?xml version="1.0" encoding="UTF-8"?>
<!-- Generated by org.testng.reporters.JUnitReportReporter -->
<testsuite hostname="DESKTOP-TGQVB1P" failures="0" tests="1" name="testscript.ImageInsertionAddPage" time="6.045" errors="0" timestamp="2024-05-06T11:10:07 IST" skipped="0">
  <testcase classname="testscript.ImageInsertionAddPage" name="checkImageCannIsertinAddPageWithProperFormat" time="6.045"/>
  <system-out/>
</testsuite> <!-- testscript.ImageInsertionAddPage -->
