<?xml version="1.0" encoding="UTF-8"?>
<!-- Generated by org.testng.reporters.JUnitReportReporter -->
<testsuite hostname="DESKTOP-TGQVB1P" failures="0" tests="1" name="testscript.ManageProductSearch" time="9.477" errors="0" timestamp="2024-05-21T12:04:07 IST" skipped="0">
  <testcase classname="testscript.ManageProductSearch" name="searchElementFromManageProduct" time="9.477"/>
  <system-out/>
</testsuite> <!-- testscript.ManageProductSearch -->
