<?xml version="1.0" encoding="UTF-8"?>
<!-- Generated by org.testng.reporters.JUnitReportReporter -->
<testsuite hostname="DESKTOP-TGQVB1P" failures="0" tests="1" name="testscript.NewTest" time="0.010" errors="0" timestamp="2024-05-21T19:31:19 IST" skipped="0">
  <testcase classname="testscript.NewTest" name="first" time="0.010"/>
  <system-out/>
</testsuite> <!-- testscript.NewTest -->
