<?xml version="1.0" encoding="UTF-8"?>
<!-- Generated by org.testng.reporters.JUnitReportReporter -->
<testsuite hostname="DESKTOP-TGQVB1P" failures="0" tests="1" name="testscript.ManageProductDelete" time="6.474" errors="0" timestamp="2024-05-10T12:26:13 IST" skipped="0">
  <testcase classname="testscript.ManageProductDelete" name="deleteProductPage" time="6.474"/>
  <system-out/>
</testsuite> <!-- testscript.ManageProductDelete -->
