<?xml version="1.0" encoding="UTF-8"?>
<!-- Generated by org.testng.reporters.JUnitReportReporter -->
<testsuite hostname="DESKTOP-TGQVB1P" failures="0" tests="1" name="testscript.SearchingisWorkingOrNot" time="15.406" errors="0" timestamp="2024-05-05T23:48:57 IST" skipped="0">
  <testcase classname="testscript.SearchingisWorkingOrNot" name="checkingTheSearchOptionisWorkingProperlyOrNot" time="15.406"/>
  <system-out/>
</testsuite> <!-- testscript.SearchingisWorkingOrNot -->
