<?xml version="1.0" encoding="UTF-8"?>
<!-- Generated by org.testng.reporters.JUnitReportReporter -->
<testsuite hostname="DESKTOP-TGQVB1P" failures="0" tests="1" name="testscript.ManageDeliveryBoys" time="5.800" errors="0" timestamp="2024-05-06T20:46:10 IST" skipped="0">
  <testcase classname="testscript.ManageDeliveryBoys" name="manageDeliveryBoySearching" time="5.800"/>
  <system-out/>
</testsuite> <!-- testscript.ManageDeliveryBoys -->
