<?xml version="1.0" encoding="UTF-8"?>
<!-- Generated by org.testng.reporters.JUnitReportReporter -->
<testsuite hostname="DESKTOP-TGQVB1P" failures="0" tests="1" name="testscript.PushNotificationCreation" time="7.404" errors="0" timestamp="2024-05-14T21:41:19 IST" skipped="0">
  <testcase classname="testscript.PushNotificationCreation" name="addNewElementsinPushNotification" time="7.404"/>
  <system-out/>
</testsuite> <!-- testscript.PushNotificationCreation -->
