<?xml version="1.0" encoding="UTF-8"?>
<!-- Generated by org.testng.reporters.JUnitReportReporter -->
<testsuite hostname="DESKTOP-TGQVB1P" failures="0" tests="1" name="testscript.ManagePageAddNewList" time="6.008" errors="0" timestamp="2024-05-10T13:09:05 IST" skipped="0">
  <testcase classname="testscript.ManagePageAddNewList" name="addnewListFromManagePage" time="6.008"/>
  <system-out/>
</testsuite> <!-- testscript.ManagePageAddNewList -->
