<?xml version="1.0" encoding="UTF-8"?>
<!-- Generated by org.testng.reporters.JUnitReportReporter -->
<testsuite hostname="DESKTOP-TGQVB1P" failures="0" tests="1" name="testscript.NewTestEX" time="6.408" errors="0" timestamp="2024-05-21T19:29:34 IST" skipped="0">
  <testcase classname="testscript.NewTestEX" name="verifyUserIsAbleToLoginUsingValidCredentials" time="6.408"/>
  <system-out/>
</testsuite> <!-- testscript.NewTestEX -->
