<?xml version="1.0" encoding="UTF-8"?>
<!-- Generated by org.testng.reporters.JUnitReportReporter -->
<testsuite hostname="DESKTOP-TGQVB1P" failures="0" tests="1" name="testscript.ManageSlider" time="11.298" errors="0" timestamp="2024-05-21T15:54:14 IST" skipped="0">
  <testcase classname="testscript.ManageSlider" name="AddNewSlider" time="11.298"/>
  <system-out/>
</testsuite> <!-- testscript.ManageSlider -->
