<?xml version="1.0" encoding="UTF-8"?>
<!-- Generated by org.testng.reporters.JUnitReportReporter -->
<testsuite hostname="DESKTOP-TGQVB1P" failures="0" tests="1" name="testscript.LoginTest" time="13.311" errors="0" timestamp="2024-05-30T14:47:55 IST" skipped="0">
  <testcase classname="testscript.LoginTest" name="verifyUserIsAbleToLoginUsingValidCredentials" time="13.311"/>
  <system-out/>
</testsuite> <!-- testscript.LoginTest -->
