<?xml version="1.0" encoding="UTF-8"?>
<!-- Generated by org.testng.reporters.JUnitReportReporter -->
<testsuite hostname="DESKTOP-TGQVB1P" failures="0" tests="2" name="testscript.ManageContent" time="42.533" errors="0" timestamp="2024-05-30T14:27:45 IST" skipped="0">
  <testcase classname="testscript.ManageContent" name="manageContentAddNewNews" time="20.482"/>
  <system-out/>
  <testcase classname="testscript.ManageContent" name="initializeMethod" time="22.051"/>
  <system-out/>
</testsuite> <!-- testscript.ManageContent -->
