<?xml version="1.0" encoding="UTF-8"?>
<!-- Generated by org.testng.reporters.JUnitReportReporter -->
<testsuite hostname="DESKTOP-TGQVB1P" failures="0" tests="1" name="testscript.checkPushMenuWorkingornot" time="4.067" errors="0" timestamp="2024-05-05T23:23:11 IST" skipped="0">
  <testcase classname="testscript.checkPushMenuWorkingornot" name="pushmenuisworkingbyclickingtab" time="4.067"/>
  <system-out/>
</testsuite> <!-- testscript.checkPushMenuWorkingornot -->
