<?xml version="1.0" encoding="UTF-8"?>
<!-- Generated by org.testng.reporters.JUnitReportReporter -->
<testsuite hostname="DESKTOP-TGQVB1P" failures="0" tests="1" name="testscript.DeletingDataFromManagePage" time="4.510" errors="0" timestamp="2024-05-05T23:56:43 IST" skipped="0">
  <testcase classname="testscript.DeletingDataFromManagePage" name="deletingtheDataFromManagePage" time="4.510"/>
  <system-out/>
</testsuite> <!-- testscript.DeletingDataFromManagePage -->
