<?xml version="1.0" encoding="UTF-8"?>
<!-- Generated by org.testng.reporters.JUnitReportReporter -->
<testsuite hostname="DESKTOP-TGQVB1P" failures="0" tests="1" name="testscript.CheckImageIsonFormat" time="6.909" errors="0" timestamp="2024-05-05T23:38:00 IST" skipped="0">
  <testcase classname="testscript.CheckImageIsonFormat" name="checkingTheSearchOptionisWorkingProperlyOrNot" time="6.909"/>
  <system-out/>
</testsuite> <!-- testscript.CheckImageIsonFormat -->
